Performing C++ SOURCE FILE Test CMAKE_HAVE_LIBC_PTHREAD failed with the following output:
Change Dir: /home/zhangyifan/TensorRT/build/CMakeFiles/CMakeTmp

Run Build Command(s):/usr/bin/make cmTC_82a90/fast && /usr/bin/make  -f CMakeFiles/cmTC_82a90.dir/build.make CMakeFiles/cmTC_82a90.dir/build
make[1]: 进入目录“/home/zhangyifan/TensorRT/build/CMakeFiles/CMakeTmp”
Building CXX object CMakeFiles/cmTC_82a90.dir/src.cxx.o
/usr/bin/g++ -DCMAKE_HAVE_LIBC_PTHREAD  -Wno-deprecated-declarations  -DBUILD_SYSTEM=cmake_oss  -std=c++11 -o CMakeFiles/cmTC_82a90.dir/src.cxx.o -c /home/zhangyifan/TensorRT/build/CMakeFiles/CMakeTmp/src.cxx
Linking CXX executable cmTC_82a90
/usr/bin/cmake -E cmake_link_script CMakeFiles/cmTC_82a90.dir/link.txt --verbose=1
/usr/bin/g++ -Wno-deprecated-declarations  -DBUILD_SYSTEM=cmake_oss  CMakeFiles/cmTC_82a90.dir/src.cxx.o -o cmTC_82a90 
CMakeFiles/cmTC_82a90.dir/src.cxx.o：在函数‘main’中：
src.cxx:(.text+0x3e)：对‘pthread_create’未定义的引用
src.cxx:(.text+0x4a)：对‘pthread_detach’未定义的引用
src.cxx:(.text+0x56)：对‘pthread_cancel’未定义的引用
src.cxx:(.text+0x67)：对‘pthread_join’未定义的引用
src.cxx:(.text+0x7b)：对‘pthread_atfork’未定义的引用
collect2: error: ld returned 1 exit status
CMakeFiles/cmTC_82a90.dir/build.make:105: recipe for target 'cmTC_82a90' failed
make[1]: *** [cmTC_82a90] Error 1
make[1]: 离开目录“/home/zhangyifan/TensorRT/build/CMakeFiles/CMakeTmp”
Makefile:140: recipe for target 'cmTC_82a90/fast' failed
make: *** [cmTC_82a90/fast] Error 2


Source file was:
#include <pthread.h>

static void* test_func(void* data)
{
  return data;
}

int main(void)
{
  pthread_t thread;
  pthread_create(&thread, NULL, test_func, NULL);
  pthread_detach(thread);
  pthread_cancel(thread);
  pthread_join(thread, NULL);
  pthread_atfork(NULL, NULL, NULL);
  pthread_exit(NULL);

  return 0;
}

Determining if the function pthread_create exists in the pthreads failed with the following output:
Change Dir: /home/zhangyifan/TensorRT/build/CMakeFiles/CMakeTmp

Run Build Command(s):/usr/bin/make cmTC_1e51c/fast && /usr/bin/make  -f CMakeFiles/cmTC_1e51c.dir/build.make CMakeFiles/cmTC_1e51c.dir/build
make[1]: 进入目录“/home/zhangyifan/TensorRT/build/CMakeFiles/CMakeTmp”
Building CXX object CMakeFiles/cmTC_1e51c.dir/CheckFunctionExists.cxx.o
/usr/bin/g++   -Wno-deprecated-declarations  -DBUILD_SYSTEM=cmake_oss -DCHECK_FUNCTION_EXISTS=pthread_create -std=c++11 -o CMakeFiles/cmTC_1e51c.dir/CheckFunctionExists.cxx.o -c /home/zhangyifan/TensorRT/build/CMakeFiles/CheckLibraryExists/CheckFunctionExists.cxx
Linking CXX executable cmTC_1e51c
/usr/bin/cmake -E cmake_link_script CMakeFiles/cmTC_1e51c.dir/link.txt --verbose=1
/usr/bin/g++ -Wno-deprecated-declarations  -DBUILD_SYSTEM=cmake_oss -DCHECK_FUNCTION_EXISTS=pthread_create CMakeFiles/cmTC_1e51c.dir/CheckFunctionExists.cxx.o -o cmTC_1e51c  -lpthreads 
/usr/bin/ld: 找不到 -lpthreads
collect2: error: ld returned 1 exit status
CMakeFiles/cmTC_1e51c.dir/build.make:105: recipe for target 'cmTC_1e51c' failed
make[1]: *** [cmTC_1e51c] Error 1
make[1]: 离开目录“/home/zhangyifan/TensorRT/build/CMakeFiles/CMakeTmp”
Makefile:140: recipe for target 'cmTC_1e51c/fast' failed
make: *** [cmTC_1e51c/fast] Error 2



